<?xml version="1.0" encoding="UTF-8"?>
<!-- Generated by org.testng.reporters.JUnitXMLReporter -->
<testsuite ignored="0" hostname="TYSS-Pavan-Kumar-M" failures="0" tests="4" name="Test1" time="5.642" errors="0" timestamp="2024-03-20T10:40:45 IST">
  <testcase classname="com.TestNG.To_Launch_LVMH" name="launch" time="4.952"/>
  <testcase classname="com.TestNG.To_Launch_LorealParis" name="launch" time="5.525"/>
  <testcase classname="com.TestNG.To_Launch_Myntra" name="launch" time="5.601"/>
  <testcase classname="com.TestNG.To_Launch_Benz" name="launch" time="5.616"/>
</testsuite> <!-- Test1 -->
