<?xml version="1.0" encoding="UTF-8"?>
<testng-results ignored="0" total="1" passed="1" failed="0" skipped="0">
  <reporter-output>
  </reporter-output>
  <suite started-at="2024-03-28T12:33:34 IST" name="Default suite" finished-at="2024-03-28T12:33:41 IST" duration-ms="6163">
    <groups>
    </groups>
    <test started-at="2024-03-28T12:33:34 IST" name="Default test" finished-at="2024-03-28T12:33:41 IST" duration-ms="6163">
      <class name="com.Via.com_TestNG.VC001_Search_For_Flights">
        <test-method is-config="true" signature="fetchData()[pri:0, instance:com.Via.com_TestNG.VC001_Search_For_Flights@35aea049]" started-at="2024-03-28T12:33:34 IST" name="fetchData" finished-at="2024-03-28T12:33:34 IST" duration-ms="6" status="PASS">
          <reporter-output>
          </reporter-output>
        </test-method> <!-- fetchData -->
        <test-method is-config="true" signature="browserSetUp()[pri:0, instance:com.Via.com_TestNG.VC001_Search_For_Flights@35aea049]" started-at="2024-03-28T12:33:34 IST" name="browserSetUp" finished-at="2024-03-28T12:33:41 IST" duration-ms="6134" status="PASS">
          <reporter-output>
          </reporter-output>
        </test-method> <!-- browserSetUp -->
        <test-method signature="run()[pri:0, instance:com.Via.com_TestNG.VC001_Search_For_Flights@35aea049]" started-at="2024-03-28T12:33:41 IST" name="run" finished-at="2024-03-28T12:33:41 IST" duration-ms="5" status="PASS">
          <reporter-output>
          </reporter-output>
        </test-method> <!-- run -->
        <test-method is-config="true" signature="afterSuite()[pri:0, instance:com.Via.com_TestNG.VC001_Search_For_Flights@35aea049]" started-at="2024-03-28T12:33:41 IST" name="afterSuite" finished-at="2024-03-28T12:33:41 IST" duration-ms="0" status="PASS">
          <reporter-output>
          </reporter-output>
        </test-method> <!-- afterSuite -->
      </class> <!-- com.Via.com_TestNG.VC001_Search_For_Flights -->
    </test> <!-- Default test -->
  </suite> <!-- Default suite -->
</testng-results>
